Analysis & Synthesis report for prj1
Wed Nov 21 17:21:00 2018
Quartus II 64-Bit Version 15.0.2 Build 153 07/15/2015 SJ Full Version


---------------------
; Table of Contents ;
---------------------
  1. Legal Notice
  2. Analysis & Synthesis Summary
  3. Analysis & Synthesis Settings
  4. Parallel Compilation
  5. Analysis & Synthesis Source Files Read
  6. Analysis & Synthesis Resource Usage Summary
  7. Analysis & Synthesis Resource Utilization by Entity
  8. General Register Statistics
  9. Parameter Settings for User Entity Instance: 74161:inst7
 10. Parameter Settings for User Entity Instance: Divisor_CLK:inst40|lpm_counter:LPM_COUNTER_component
 11. Parameter Settings for User Entity Instance: 74161:inst9
 12. Parameter Settings for User Entity Instance: 74161:inst3
 13. Parameter Settings for User Entity Instance: 74161:inst6
 14. Parameter Settings for User Entity Instance: 74161:inst2
 15. Parameter Settings for User Entity Instance: 74161:inst1
 16. Post-Synthesis Netlist Statistics for Top Partition
 17. Elapsed Time Per Partition
 18. Analysis & Synthesis Messages



----------------
; Legal Notice ;
----------------
Copyright (C) 1991-2015 Altera Corporation. All rights reserved.
Your use of Altera Corporation's design tools, logic functions 
and other software and tools, and its AMPP partner logic 
functions, and any output files from any of the foregoing 
(including device programming or simulation files), and any 
associated documentation or information are expressly subject 
to the terms and conditions of the Altera Program License 
Subscription Agreement, the Altera Quartus II License Agreement,
the Altera MegaCore Function License Agreement, or other 
applicable license agreement, including, without limitation, 
that your use is for the sole purpose of programming logic 
devices manufactured by Altera and sold by Altera or its 
authorized distributors.  Please refer to the applicable 
agreement for further details.



+----------------------------------------------------------------------------------+
; Analysis & Synthesis Summary                                                     ;
+------------------------------------+---------------------------------------------+
; Analysis & Synthesis Status        ; Successful - Wed Nov 21 17:21:00 2018       ;
; Quartus II 64-Bit Version          ; 15.0.2 Build 153 07/15/2015 SJ Full Version ;
; Revision Name                      ; prj1                                        ;
; Top-level Entity Name              ; prj1                                        ;
; Family                             ; MAX 10                                      ;
; Total logic elements               ; 110                                         ;
;     Total combinational functions  ; 110                                         ;
;     Dedicated logic registers      ; 50                                          ;
; Total registers                    ; 50                                          ;
; Total pins                         ; 45                                          ;
; Total virtual pins                 ; 0                                           ;
; Total memory bits                  ; 0                                           ;
; Embedded Multiplier 9-bit elements ; 0                                           ;
; Total PLLs                         ; 0                                           ;
; UFM blocks                         ; 0                                           ;
; ADC blocks                         ; 0                                           ;
+------------------------------------+---------------------------------------------+


+----------------------------------------------------------------------------------------------------------------------+
; Analysis & Synthesis Settings                                                                                        ;
+----------------------------------------------------------------------------+--------------------+--------------------+
; Option                                                                     ; Setting            ; Default Value      ;
+----------------------------------------------------------------------------+--------------------+--------------------+
; Device                                                                     ; 10M50DAF484C7G     ;                    ;
; Top-level entity name                                                      ; prj1               ; prj1               ;
; Family name                                                                ; MAX 10             ; Cyclone V          ;
; Use smart compilation                                                      ; Off                ; Off                ;
; Enable parallel Assembler and TimeQuest Timing Analyzer during compilation ; On                 ; On                 ;
; Enable compact report table                                                ; Off                ; Off                ;
; Restructure Multiplexers                                                   ; Auto               ; Auto               ;
; Create Debugging Nodes for IP Cores                                        ; Off                ; Off                ;
; Preserve fewer node names                                                  ; On                 ; On                 ;
; Disable OpenCore Plus hardware evaluation                                  ; Off                ; Off                ;
; Verilog Version                                                            ; Verilog_2001       ; Verilog_2001       ;
; VHDL Version                                                               ; VHDL_1993          ; VHDL_1993          ;
; State Machine Processing                                                   ; Auto               ; Auto               ;
; Safe State Machine                                                         ; Off                ; Off                ;
; Extract Verilog State Machines                                             ; On                 ; On                 ;
; Extract VHDL State Machines                                                ; On                 ; On                 ;
; Ignore Verilog initial constructs                                          ; Off                ; Off                ;
; Iteration limit for constant Verilog loops                                 ; 5000               ; 5000               ;
; Iteration limit for non-constant Verilog loops                             ; 250                ; 250                ;
; Add Pass-Through Logic to Inferred RAMs                                    ; On                 ; On                 ;
; Infer RAMs from Raw Logic                                                  ; On                 ; On                 ;
; Parallel Synthesis                                                         ; On                 ; On                 ;
; DSP Block Balancing                                                        ; Auto               ; Auto               ;
; NOT Gate Push-Back                                                         ; On                 ; On                 ;
; Power-Up Don't Care                                                        ; On                 ; On                 ;
; Remove Redundant Logic Cells                                               ; Off                ; Off                ;
; Remove Duplicate Registers                                                 ; On                 ; On                 ;
; Ignore CARRY Buffers                                                       ; Off                ; Off                ;
; Ignore CASCADE Buffers                                                     ; Off                ; Off                ;
; Ignore GLOBAL Buffers                                                      ; Off                ; Off                ;
; Ignore ROW GLOBAL Buffers                                                  ; Off                ; Off                ;
; Ignore LCELL Buffers                                                       ; Off                ; Off                ;
; Ignore SOFT Buffers                                                        ; On                 ; On                 ;
; Limit AHDL Integers to 32 Bits                                             ; Off                ; Off                ;
; Optimization Technique                                                     ; Balanced           ; Balanced           ;
; Carry Chain Length                                                         ; 70                 ; 70                 ;
; Auto Carry Chains                                                          ; On                 ; On                 ;
; Auto Open-Drain Pins                                                       ; On                 ; On                 ;
; Perform WYSIWYG Primitive Resynthesis                                      ; Off                ; Off                ;
; Auto ROM Replacement                                                       ; On                 ; On                 ;
; Auto RAM Replacement                                                       ; On                 ; On                 ;
; Auto DSP Block Replacement                                                 ; On                 ; On                 ;
; Auto Shift Register Replacement                                            ; Auto               ; Auto               ;
; Allow Shift Register Merging across Hierarchies                            ; Auto               ; Auto               ;
; Auto Clock Enable Replacement                                              ; On                 ; On                 ;
; Strict RAM Replacement                                                     ; Off                ; Off                ;
; Allow Synchronous Control Signals                                          ; On                 ; On                 ;
; Force Use of Synchronous Clear Signals                                     ; Off                ; Off                ;
; Auto RAM Block Balancing                                                   ; On                 ; On                 ;
; Auto RAM to Logic Cell Conversion                                          ; Off                ; Off                ;
; Auto Resource Sharing                                                      ; Off                ; Off                ;
; Allow Any RAM Size For Recognition                                         ; Off                ; Off                ;
; Allow Any ROM Size For Recognition                                         ; Off                ; Off                ;
; Allow Any Shift Register Size For Recognition                              ; Off                ; Off                ;
; Use LogicLock Constraints during Resource Balancing                        ; On                 ; On                 ;
; Ignore translate_off and synthesis_off directives                          ; Off                ; Off                ;
; Timing-Driven Synthesis                                                    ; On                 ; On                 ;
; Report Parameter Settings                                                  ; On                 ; On                 ;
; Report Source Assignments                                                  ; On                 ; On                 ;
; Report Connectivity Checks                                                 ; On                 ; On                 ;
; Ignore Maximum Fan-Out Assignments                                         ; Off                ; Off                ;
; Synchronization Register Chain Length                                      ; 2                  ; 2                  ;
; PowerPlay Power Optimization During Synthesis                              ; Normal compilation ; Normal compilation ;
; HDL message level                                                          ; Level2             ; Level2             ;
; Suppress Register Optimization Related Messages                            ; Off                ; Off                ;
; Number of Removed Registers Reported in Synthesis Report                   ; 5000               ; 5000               ;
; Number of Swept Nodes Reported in Synthesis Report                         ; 5000               ; 5000               ;
; Number of Inverted Registers Reported in Synthesis Report                  ; 100                ; 100                ;
; Clock MUX Protection                                                       ; On                 ; On                 ;
; Auto Gated Clock Conversion                                                ; Off                ; Off                ;
; Block Design Naming                                                        ; Auto               ; Auto               ;
; SDC constraint protection                                                  ; Off                ; Off                ;
; Synthesis Effort                                                           ; Auto               ; Auto               ;
; Shift Register Replacement - Allow Asynchronous Clear Signal               ; On                 ; On                 ;
; Pre-Mapping Resynthesis Optimization                                       ; Off                ; Off                ;
; Analysis & Synthesis Message Level                                         ; Medium             ; Medium             ;
; Disable Register Merging Across Hierarchies                                ; Auto               ; Auto               ;
; Resource Aware Inference For Block RAM                                     ; On                 ; On                 ;
; Synthesis Seed                                                             ; 1                  ; 1                  ;
+----------------------------------------------------------------------------+--------------------+--------------------+


+------------------------------------------+
; Parallel Compilation                     ;
+----------------------------+-------------+
; Processors                 ; Number      ;
+----------------------------+-------------+
; Number detected on machine ; 4           ;
; Maximum allowed            ; 4           ;
;                            ;             ;
; Average used               ; 1.00        ;
; Maximum used               ; 2           ;
;                            ;             ;
; Usage by Processor         ; % Time Used ;
;     Processor 1            ; 100.0%      ;
;     Processor 2            ; < 0.1%      ;
;     Processors 3-4         ;   0.0%      ;
+----------------------------+-------------+


+----------------------------------------------------------------------------------------------------------------------------------------------------------------------------+
; Analysis & Synthesis Source Files Read                                                                                                                                     ;
+----------------------------------+-----------------+------------------------------------+------------------------------------------------------------------------+---------+
; File Name with User-Entered Path ; Used in Netlist ; File Type                          ; File Name with Absolute Path                                           ; Library ;
+----------------------------------+-----------------+------------------------------------+------------------------------------------------------------------------+---------+
; prj1.bdf                         ; yes             ; User Block Diagram/Schematic File  ; C:/Users/Aluno/Desktop/PRJ1_quartus/prj1.bdf                           ;         ;
; 7447.bdf                         ; yes             ; Megafunction                       ; c:/altera/15.0/quartus/libraries/others/maxplus2/7447.bdf              ;         ;
; 74161.tdf                        ; yes             ; Megafunction                       ; c:/altera/15.0/quartus/libraries/others/maxplus2/74161.tdf             ;         ;
; aglobal.inc                      ; yes             ; Megafunction                       ; c:/altera/15.0/quartus/libraries/megafunctions/aglobal.inc             ;         ;
; f74161.bdf                       ; yes             ; Megafunction                       ; c:/altera/15.0/quartus/libraries/others/maxplus2/f74161.bdf            ;         ;
; 7400.bdf                         ; yes             ; Megafunction                       ; c:/altera/15.0/quartus/libraries/others/maxplus2/7400.bdf              ;         ;
; divisor_clk.vhd                  ; yes             ; Auto-Found Wizard-Generated File   ; C:/Users/Aluno/Desktop/PRJ1_quartus/divisor_clk.vhd                    ;         ;
; lpm_counter.tdf                  ; yes             ; Megafunction                       ; c:/altera/15.0/quartus/libraries/megafunctions/lpm_counter.tdf         ;         ;
; lpm_constant.inc                 ; yes             ; Megafunction                       ; c:/altera/15.0/quartus/libraries/megafunctions/lpm_constant.inc        ;         ;
; lpm_decode.inc                   ; yes             ; Megafunction                       ; c:/altera/15.0/quartus/libraries/megafunctions/lpm_decode.inc          ;         ;
; lpm_add_sub.inc                  ; yes             ; Megafunction                       ; c:/altera/15.0/quartus/libraries/megafunctions/lpm_add_sub.inc         ;         ;
; cmpconst.inc                     ; yes             ; Megafunction                       ; c:/altera/15.0/quartus/libraries/megafunctions/cmpconst.inc            ;         ;
; lpm_compare.inc                  ; yes             ; Megafunction                       ; c:/altera/15.0/quartus/libraries/megafunctions/lpm_compare.inc         ;         ;
; lpm_counter.inc                  ; yes             ; Megafunction                       ; c:/altera/15.0/quartus/libraries/megafunctions/lpm_counter.inc         ;         ;
; dffeea.inc                       ; yes             ; Megafunction                       ; c:/altera/15.0/quartus/libraries/megafunctions/dffeea.inc              ;         ;
; alt_counter_stratix.inc          ; yes             ; Megafunction                       ; c:/altera/15.0/quartus/libraries/megafunctions/alt_counter_stratix.inc ;         ;
; aglobal150.inc                   ; yes             ; Megafunction                       ; c:/altera/15.0/quartus/libraries/megafunctions/aglobal150.inc          ;         ;
; db/cntr_49j.tdf                  ; yes             ; Auto-Generated Megafunction        ; C:/Users/Aluno/Desktop/PRJ1_quartus/db/cntr_49j.tdf                    ;         ;
; db/cmpr_4tb.tdf                  ; yes             ; Auto-Generated Megafunction        ; C:/Users/Aluno/Desktop/PRJ1_quartus/db/cmpr_4tb.tdf                    ;         ;
+----------------------------------+-----------------+------------------------------------+------------------------------------------------------------------------+---------+


+----------------------------------------------------------------------------------------------------------------------------------------+
; Analysis & Synthesis Resource Usage Summary                                                                                            ;
+---------------------------------------------+------------------------------------------------------------------------------------------+
; Resource                                    ; Usage                                                                                    ;
+---------------------------------------------+------------------------------------------------------------------------------------------+
; Estimated Total logic elements              ; 110                                                                                      ;
;                                             ;                                                                                          ;
; Total combinational functions               ; 110                                                                                      ;
; Logic element usage by number of LUT inputs ;                                                                                          ;
;     -- 4 input functions                    ; 45                                                                                       ;
;     -- 3 input functions                    ; 21                                                                                       ;
;     -- <=2 input functions                  ; 44                                                                                       ;
;                                             ;                                                                                          ;
; Logic elements by mode                      ;                                                                                          ;
;     -- normal mode                          ; 84                                                                                       ;
;     -- arithmetic mode                      ; 26                                                                                       ;
;                                             ;                                                                                          ;
; Total registers                             ; 50                                                                                       ;
;     -- Dedicated logic registers            ; 50                                                                                       ;
;     -- I/O registers                        ; 0                                                                                        ;
;                                             ;                                                                                          ;
; I/O pins                                    ; 45                                                                                       ;
;                                             ;                                                                                          ;
; Embedded Multiplier 9-bit elements          ; 0                                                                                        ;
;                                             ;                                                                                          ;
; Maximum fan-out node                        ; Divisor_CLK:inst40|lpm_counter:LPM_COUNTER_component|cntr_49j:auto_generated|cout_actual ;
; Maximum fan-out                             ; 26                                                                                       ;
; Total fan-out                               ; 608                                                                                      ;
; Average fan-out                             ; 2.43                                                                                     ;
+---------------------------------------------+------------------------------------------------------------------------------------------+


+----------------------------------------------------------------------------------------------------------------------------------------------------------------------------------------------------------------------------------------------------------------------------------------------------+
; Analysis & Synthesis Resource Utilization by Entity                                                                                                                                                                                                                                                ;
+-------------------------------------------+-------------------+--------------+-------------+------------+--------------+---------+-----------+------+--------------+------------+---------------------------------------------------------------------------------------------------+--------------+
; Compilation Hierarchy Node                ; LC Combinationals ; LC Registers ; Memory Bits ; UFM Blocks ; DSP Elements ; DSP 9x9 ; DSP 18x18 ; Pins ; Virtual Pins ; ADC blocks ; Full Hierarchy Name                                                                               ; Library Name ;
+-------------------------------------------+-------------------+--------------+-------------+------------+--------------+---------+-----------+------+--------------+------------+---------------------------------------------------------------------------------------------------+--------------+
; |prj1                                     ; 110 (5)           ; 50 (0)       ; 0           ; 0          ; 0            ; 0       ; 0         ; 45   ; 0            ; 0          ; |prj1                                                                                             ; work         ;
;    |7400:inst10|                          ; 1 (1)             ; 0 (0)        ; 0           ; 0          ; 0            ; 0       ; 0         ; 0    ; 0            ; 0          ; |prj1|7400:inst10                                                                                 ; work         ;
;    |7400:inst28|                          ; 1 (1)             ; 0 (0)        ; 0           ; 0          ; 0            ; 0       ; 0         ; 0    ; 0            ; 0          ; |prj1|7400:inst28                                                                                 ; work         ;
;    |74161:inst1|                          ; 3 (0)             ; 4 (0)        ; 0           ; 0          ; 0            ; 0       ; 0         ; 0    ; 0            ; 0          ; |prj1|74161:inst1                                                                                 ; work         ;
;       |f74161:sub|                        ; 3 (3)             ; 4 (4)        ; 0           ; 0          ; 0            ; 0       ; 0         ; 0    ; 0            ; 0          ; |prj1|74161:inst1|f74161:sub                                                                      ; work         ;
;    |74161:inst2|                          ; 3 (0)             ; 4 (0)        ; 0           ; 0          ; 0            ; 0       ; 0         ; 0    ; 0            ; 0          ; |prj1|74161:inst2                                                                                 ; work         ;
;       |f74161:sub|                        ; 3 (3)             ; 4 (4)        ; 0           ; 0          ; 0            ; 0       ; 0         ; 0    ; 0            ; 0          ; |prj1|74161:inst2|f74161:sub                                                                      ; work         ;
;    |74161:inst3|                          ; 3 (0)             ; 4 (0)        ; 0           ; 0          ; 0            ; 0       ; 0         ; 0    ; 0            ; 0          ; |prj1|74161:inst3                                                                                 ; work         ;
;       |f74161:sub|                        ; 3 (3)             ; 4 (4)        ; 0           ; 0          ; 0            ; 0       ; 0         ; 0    ; 0            ; 0          ; |prj1|74161:inst3|f74161:sub                                                                      ; work         ;
;    |74161:inst6|                          ; 3 (0)             ; 4 (0)        ; 0           ; 0          ; 0            ; 0       ; 0         ; 0    ; 0            ; 0          ; |prj1|74161:inst6                                                                                 ; work         ;
;       |f74161:sub|                        ; 3 (3)             ; 4 (4)        ; 0           ; 0          ; 0            ; 0       ; 0         ; 0    ; 0            ; 0          ; |prj1|74161:inst6|f74161:sub                                                                      ; work         ;
;    |74161:inst7|                          ; 3 (0)             ; 4 (0)        ; 0           ; 0          ; 0            ; 0       ; 0         ; 0    ; 0            ; 0          ; |prj1|74161:inst7                                                                                 ; work         ;
;       |f74161:sub|                        ; 3 (3)             ; 4 (4)        ; 0           ; 0          ; 0            ; 0       ; 0         ; 0    ; 0            ; 0          ; |prj1|74161:inst7|f74161:sub                                                                      ; work         ;
;    |74161:inst9|                          ; 3 (0)             ; 4 (0)        ; 0           ; 0          ; 0            ; 0       ; 0         ; 0    ; 0            ; 0          ; |prj1|74161:inst9                                                                                 ; work         ;
;       |f74161:sub|                        ; 3 (3)             ; 4 (4)        ; 0           ; 0          ; 0            ; 0       ; 0         ; 0    ; 0            ; 0          ; |prj1|74161:inst9|f74161:sub                                                                      ; work         ;
;    |7447:inst12|                          ; 9 (9)             ; 0 (0)        ; 0           ; 0          ; 0            ; 0       ; 0         ; 0    ; 0            ; 0          ; |prj1|7447:inst12                                                                                 ; work         ;
;    |7447:inst13|                          ; 8 (8)             ; 0 (0)        ; 0           ; 0          ; 0            ; 0       ; 0         ; 0    ; 0            ; 0          ; |prj1|7447:inst13                                                                                 ; work         ;
;    |7447:inst14|                          ; 8 (8)             ; 0 (0)        ; 0           ; 0          ; 0            ; 0       ; 0         ; 0    ; 0            ; 0          ; |prj1|7447:inst14                                                                                 ; work         ;
;    |7447:inst4|                           ; 8 (8)             ; 0 (0)        ; 0           ; 0          ; 0            ; 0       ; 0         ; 0    ; 0            ; 0          ; |prj1|7447:inst4                                                                                  ; work         ;
;    |7447:inst5|                           ; 8 (8)             ; 0 (0)        ; 0           ; 0          ; 0            ; 0       ; 0         ; 0    ; 0            ; 0          ; |prj1|7447:inst5                                                                                  ; work         ;
;    |7447:inst8|                           ; 8 (8)             ; 0 (0)        ; 0           ; 0          ; 0            ; 0       ; 0         ; 0    ; 0            ; 0          ; |prj1|7447:inst8                                                                                  ; work         ;
;    |Divisor_CLK:inst40|                   ; 36 (0)            ; 26 (0)       ; 0           ; 0          ; 0            ; 0       ; 0         ; 0    ; 0            ; 0          ; |prj1|Divisor_CLK:inst40                                                                          ; work         ;
;       |lpm_counter:LPM_COUNTER_component| ; 36 (0)            ; 26 (0)       ; 0           ; 0          ; 0            ; 0       ; 0         ; 0    ; 0            ; 0          ; |prj1|Divisor_CLK:inst40|lpm_counter:LPM_COUNTER_component                                        ; work         ;
;          |cntr_49j:auto_generated|        ; 36 (28)           ; 26 (26)      ; 0           ; 0          ; 0            ; 0       ; 0         ; 0    ; 0            ; 0          ; |prj1|Divisor_CLK:inst40|lpm_counter:LPM_COUNTER_component|cntr_49j:auto_generated                ; work         ;
;             |cmpr_4tb:cmpr1|              ; 8 (8)             ; 0 (0)        ; 0           ; 0          ; 0            ; 0       ; 0         ; 0    ; 0            ; 0          ; |prj1|Divisor_CLK:inst40|lpm_counter:LPM_COUNTER_component|cntr_49j:auto_generated|cmpr_4tb:cmpr1 ; work         ;
+-------------------------------------------+-------------------+--------------+-------------+------------+--------------+---------+-----------+------+--------------+------------+---------------------------------------------------------------------------------------------------+--------------+
Note: For table entries with two numbers listed, the numbers in parentheses indicate the number of resources of the given type used by the specific entity alone. The numbers listed outside of parentheses indicate the total resources of the given type used by the specific entity and all of its sub-entities in the hierarchy.


+------------------------------------------------------+
; General Register Statistics                          ;
+----------------------------------------------+-------+
; Statistic                                    ; Value ;
+----------------------------------------------+-------+
; Total registers                              ; 50    ;
; Number of registers using Synchronous Clear  ; 18    ;
; Number of registers using Synchronous Load   ; 26    ;
; Number of registers using Asynchronous Clear ; 24    ;
; Number of registers using Asynchronous Load  ; 0     ;
; Number of registers using Clock Enable       ; 0     ;
; Number of registers using Preset             ; 0     ;
+----------------------------------------------+-------+


+----------------------------------------------------------+
; Parameter Settings for User Entity Instance: 74161:inst7 ;
+------------------------+--------+------------------------+
; Parameter Name         ; Value  ; Type                   ;
+------------------------+--------+------------------------+
; DEVICE_FAMILY          ; MAX 10 ; Untyped                ;
; AUTO_CARRY_CHAINS      ; ON     ; AUTO_CARRY             ;
; IGNORE_CARRY_BUFFERS   ; OFF    ; IGNORE_CARRY           ;
; AUTO_CASCADE_CHAINS    ; ON     ; AUTO_CASCADE           ;
; IGNORE_CASCADE_BUFFERS ; OFF    ; IGNORE_CASCADE         ;
+------------------------+--------+------------------------+
Note: In order to hide this table in the UI and the text report file, please set the "Show Parameter Settings in Synthesis Report" option in "Analysis and Synthesis Settings -> More Settings" to "Off".


+---------------------------------------------------------------------------------------------------+
; Parameter Settings for User Entity Instance: Divisor_CLK:inst40|lpm_counter:LPM_COUNTER_component ;
+------------------------+-------------+------------------------------------------------------------+
; Parameter Name         ; Value       ; Type                                                       ;
+------------------------+-------------+------------------------------------------------------------+
; AUTO_CARRY_CHAINS      ; ON          ; AUTO_CARRY                                                 ;
; IGNORE_CARRY_BUFFERS   ; OFF         ; IGNORE_CARRY                                               ;
; AUTO_CASCADE_CHAINS    ; ON          ; AUTO_CASCADE                                               ;
; IGNORE_CASCADE_BUFFERS ; OFF         ; IGNORE_CASCADE                                             ;
; LPM_WIDTH              ; 26          ; Signed Integer                                             ;
; LPM_DIRECTION          ; UP          ; Untyped                                                    ;
; LPM_MODULUS            ; 25000000    ; Signed Integer                                             ;
; LPM_AVALUE             ; UNUSED      ; Untyped                                                    ;
; LPM_SVALUE             ; UNUSED      ; Untyped                                                    ;
; LPM_PORT_UPDOWN        ; PORT_UNUSED ; Untyped                                                    ;
; DEVICE_FAMILY          ; MAX 10      ; Untyped                                                    ;
; CARRY_CHAIN            ; MANUAL      ; Untyped                                                    ;
; CARRY_CHAIN_LENGTH     ; 48          ; CARRY_CHAIN_LENGTH                                         ;
; NOT_GATE_PUSH_BACK     ; ON          ; NOT_GATE_PUSH_BACK                                         ;
; CARRY_CNT_EN           ; SMART       ; Untyped                                                    ;
; LABWIDE_SCLR           ; ON          ; Untyped                                                    ;
; USE_NEW_VERSION        ; TRUE        ; Untyped                                                    ;
; CBXI_PARAMETER         ; cntr_49j    ; Untyped                                                    ;
+------------------------+-------------+------------------------------------------------------------+
Note: In order to hide this table in the UI and the text report file, please set the "Show Parameter Settings in Synthesis Report" option in "Analysis and Synthesis Settings -> More Settings" to "Off".


+----------------------------------------------------------+
; Parameter Settings for User Entity Instance: 74161:inst9 ;
+------------------------+--------+------------------------+
; Parameter Name         ; Value  ; Type                   ;
+------------------------+--------+------------------------+
; DEVICE_FAMILY          ; MAX 10 ; Untyped                ;
; AUTO_CARRY_CHAINS      ; ON     ; AUTO_CARRY             ;
; IGNORE_CARRY_BUFFERS   ; OFF    ; IGNORE_CARRY           ;
; AUTO_CASCADE_CHAINS    ; ON     ; AUTO_CASCADE           ;
; IGNORE_CASCADE_BUFFERS ; OFF    ; IGNORE_CASCADE         ;
+------------------------+--------+------------------------+
Note: In order to hide this table in the UI and the text report file, please set the "Show Parameter Settings in Synthesis Report" option in "Analysis and Synthesis Settings -> More Settings" to "Off".


+----------------------------------------------------------+
; Parameter Settings for User Entity Instance: 74161:inst3 ;
+------------------------+--------+------------------------+
; Parameter Name         ; Value  ; Type                   ;
+------------------------+--------+------------------------+
; DEVICE_FAMILY          ; MAX 10 ; Untyped                ;
; AUTO_CARRY_CHAINS      ; ON     ; AUTO_CARRY             ;
; IGNORE_CARRY_BUFFERS   ; OFF    ; IGNORE_CARRY           ;
; AUTO_CASCADE_CHAINS    ; ON     ; AUTO_CASCADE           ;
; IGNORE_CASCADE_BUFFERS ; OFF    ; IGNORE_CASCADE         ;
+------------------------+--------+------------------------+
Note: In order to hide this table in the UI and the text report file, please set the "Show Parameter Settings in Synthesis Report" option in "Analysis and Synthesis Settings -> More Settings" to "Off".


+----------------------------------------------------------+
; Parameter Settings for User Entity Instance: 74161:inst6 ;
+------------------------+--------+------------------------+
; Parameter Name         ; Value  ; Type                   ;
+------------------------+--------+------------------------+
; DEVICE_FAMILY          ; MAX 10 ; Untyped                ;
; AUTO_CARRY_CHAINS      ; ON     ; AUTO_CARRY             ;
; IGNORE_CARRY_BUFFERS   ; OFF    ; IGNORE_CARRY           ;
; AUTO_CASCADE_CHAINS    ; ON     ; AUTO_CASCADE           ;
; IGNORE_CASCADE_BUFFERS ; OFF    ; IGNORE_CASCADE         ;
+------------------------+--------+------------------------+
Note: In order to hide this table in the UI and the text report file, please set the "Show Parameter Settings in Synthesis Report" option in "Analysis and Synthesis Settings -> More Settings" to "Off".


+----------------------------------------------------------+
; Parameter Settings for User Entity Instance: 74161:inst2 ;
+------------------------+--------+------------------------+
; Parameter Name         ; Value  ; Type                   ;
+------------------------+--------+------------------------+
; DEVICE_FAMILY          ; MAX 10 ; Untyped                ;
; AUTO_CARRY_CHAINS      ; ON     ; AUTO_CARRY             ;
; IGNORE_CARRY_BUFFERS   ; OFF    ; IGNORE_CARRY           ;
; AUTO_CASCADE_CHAINS    ; ON     ; AUTO_CASCADE           ;
; IGNORE_CASCADE_BUFFERS ; OFF    ; IGNORE_CASCADE         ;
+------------------------+--------+------------------------+
Note: In order to hide this table in the UI and the text report file, please set the "Show Parameter Settings in Synthesis Report" option in "Analysis and Synthesis Settings -> More Settings" to "Off".


+----------------------------------------------------------+
; Parameter Settings for User Entity Instance: 74161:inst1 ;
+------------------------+--------+------------------------+
; Parameter Name         ; Value  ; Type                   ;
+------------------------+--------+------------------------+
; DEVICE_FAMILY          ; MAX 10 ; Untyped                ;
; AUTO_CARRY_CHAINS      ; ON     ; AUTO_CARRY             ;
; IGNORE_CARRY_BUFFERS   ; OFF    ; IGNORE_CARRY           ;
; AUTO_CASCADE_CHAINS    ; ON     ; AUTO_CASCADE           ;
; IGNORE_CASCADE_BUFFERS ; OFF    ; IGNORE_CASCADE         ;
+------------------------+--------+------------------------+
Note: In order to hide this table in the UI and the text report file, please set the "Show Parameter Settings in Synthesis Report" option in "Analysis and Synthesis Settings -> More Settings" to "Off".


+-----------------------------------------------------+
; Post-Synthesis Netlist Statistics for Top Partition ;
+-----------------------+-----------------------------+
; Type                  ; Count                       ;
+-----------------------+-----------------------------+
; boundary_port         ; 45                          ;
; cycloneiii_ff         ; 50                          ;
;     CLR               ; 6                           ;
;     CLR SCLR          ; 18                          ;
;     SLD               ; 26                          ;
; cycloneiii_lcell_comb ; 110                         ;
;     arith             ; 26                          ;
;         2 data inputs ; 26                          ;
;     normal            ; 84                          ;
;         0 data inputs ; 2                           ;
;         2 data inputs ; 16                          ;
;         3 data inputs ; 21                          ;
;         4 data inputs ; 45                          ;
;                       ;                             ;
; Max LUT depth         ; 4.60                        ;
; Average LUT depth     ; 2.19                        ;
+-----------------------+-----------------------------+


+-------------------------------+
; Elapsed Time Per Partition    ;
+----------------+--------------+
; Partition Name ; Elapsed Time ;
+----------------+--------------+
; Top            ; 00:00:01     ;
+----------------+--------------+


+-------------------------------+
; Analysis & Synthesis Messages ;
+-------------------------------+
Info: *******************************************************************
Info: Running Quartus II 64-Bit Analysis & Synthesis
    Info: Version 15.0.2 Build 153 07/15/2015 SJ Full Version
    Info: Processing started: Wed Nov 21 17:20:31 2018
Info: Command: quartus_map --read_settings_files=on --write_settings_files=off prj1 -c prj1
Info (20030): Parallel compilation is enabled and will use 4 of the 4 processors detected
Info (12021): Found 1 design units, including 1 entities, in source file prj1.bdf
    Info (12023): Found entity 1: prj1
Info (12021): Found 2 design units, including 1 entities, in source file clock_minutos.vhd
    Info (12022): Found design unit 1: clock_minutos-SYN
    Info (12023): Found entity 1: CLOCK_MINUTOS
Info (12127): Elaborating entity "prj1" for the top level hierarchy
Info (12128): Elaborating entity "7447" for hierarchy "7447:inst8"
Info (12130): Elaborated megafunction instantiation "7447:inst8"
Info (12128): Elaborating entity "74161" for hierarchy "74161:inst7"
Info (12130): Elaborated megafunction instantiation "74161:inst7"
Info (12128): Elaborating entity "f74161" for hierarchy "74161:inst7|f74161:sub"
Info (12131): Elaborated megafunction instantiation "74161:inst7|f74161:sub", which is child of megafunction instantiation "74161:inst7"
Info (12128): Elaborating entity "7400" for hierarchy "7400:inst10"
Info (12130): Elaborated megafunction instantiation "7400:inst10"
Warning (12125): Using design file divisor_clk.vhd, which is not specified as a design file for the current project, but contains definitions for 2 design units and 1 entities in project
    Info (12022): Found design unit 1: divisor_clk-SYN
    Info (12023): Found entity 1: Divisor_CLK
Info (12128): Elaborating entity "Divisor_CLK" for hierarchy "Divisor_CLK:inst40"
Info (12128): Elaborating entity "lpm_counter" for hierarchy "Divisor_CLK:inst40|lpm_counter:LPM_COUNTER_component"
Info (12130): Elaborated megafunction instantiation "Divisor_CLK:inst40|lpm_counter:LPM_COUNTER_component"
Info (12133): Instantiated megafunction "Divisor_CLK:inst40|lpm_counter:LPM_COUNTER_component" with the following parameter:
    Info (12134): Parameter "lpm_direction" = "UP"
    Info (12134): Parameter "lpm_modulus" = "25000000"
    Info (12134): Parameter "lpm_port_updown" = "PORT_UNUSED"
    Info (12134): Parameter "lpm_type" = "LPM_COUNTER"
    Info (12134): Parameter "lpm_width" = "26"
Info (12021): Found 1 design units, including 1 entities, in source file db/cntr_49j.tdf
    Info (12023): Found entity 1: cntr_49j
Info (12128): Elaborating entity "cntr_49j" for hierarchy "Divisor_CLK:inst40|lpm_counter:LPM_COUNTER_component|cntr_49j:auto_generated"
Info (12021): Found 1 design units, including 1 entities, in source file db/cmpr_4tb.tdf
    Info (12023): Found entity 1: cmpr_4tb
Info (12128): Elaborating entity "cmpr_4tb" for hierarchy "Divisor_CLK:inst40|lpm_counter:LPM_COUNTER_component|cntr_49j:auto_generated|cmpr_4tb:cmpr1"
Info (13014): Ignored 18 buffer(s)
    Info (13015): Ignored 18 CARRY buffer(s)
Info (286030): Timing-Driven Synthesis is running
Info (16010): Generating hard_block partition "hard_block:auto_generated_inst"
    Info (16011): Adding 0 node(s), including 0 DDIO, 0 PLL, 0 transceiver and 0 LCELL
Info (21057): Implemented 155 device resources after synthesis - the final resource count might be different
    Info (21058): Implemented 3 input pins
    Info (21059): Implemented 42 output pins
    Info (21061): Implemented 110 logic cells
Info: Quartus II 64-Bit Analysis & Synthesis was successful. 0 errors, 1 warning
    Info: Peak virtual memory: 720 megabytes
    Info: Processing ended: Wed Nov 21 17:21:00 2018
    Info: Elapsed time: 00:00:29
    Info: Total CPU time (on all processors): 00:00:41


