Flow report for prj1
Wed Nov 21 17:21:47 2018
Quartus II 64-Bit Version 15.0.2 Build 153 07/15/2015 SJ Full Version


---------------------
; Table of Contents ;
---------------------
  1. Legal Notice
  2. Flow Summary
  3. Flow Settings
  4. Flow Non-Default Global Settings
  5. Flow Elapsed Time
  6. Flow OS Summary
  7. Flow Log
  8. Flow Messages
  9. Flow Suppressed Messages



----------------
; Legal Notice ;
----------------
Copyright (C) 1991-2015 Altera Corporation. All rights reserved.
Your use of Altera Corporation's design tools, logic functions 
and other software and tools, and its AMPP partner logic 
functions, and any output files from any of the foregoing 
(including device programming or simulation files), and any 
associated documentation or information are expressly subject 
to the terms and conditions of the Altera Program License 
Subscription Agreement, the Altera Quartus II License Agreement,
the Altera MegaCore Function License Agreement, or other 
applicable license agreement, including, without limitation, 
that your use is for the sole purpose of programming logic 
devices manufactured by Altera and sold by Altera or its 
authorized distributors.  Please refer to the applicable 
agreement for further details.



+----------------------------------------------------------------------------------+
; Flow Summary                                                                     ;
+------------------------------------+---------------------------------------------+
; Flow Status                        ; Successful - Wed Nov 21 17:21:47 2018       ;
; Quartus II 64-Bit Version          ; 15.0.2 Build 153 07/15/2015 SJ Full Version ;
; Revision Name                      ; prj1                                        ;
; Top-level Entity Name              ; prj1                                        ;
; Family                             ; MAX 10                                      ;
; Device                             ; 10M50DAF484C7G                              ;
; Timing Models                      ; Preliminary                                 ;
; Total logic elements               ; 111 / 49,760 ( < 1 % )                      ;
;     Total combinational functions  ; 110 / 49,760 ( < 1 % )                      ;
;     Dedicated logic registers      ; 50 / 49,760 ( < 1 % )                       ;
; Total registers                    ; 50                                          ;
; Total pins                         ; 45 / 360 ( 13 % )                           ;
; Total virtual pins                 ; 0                                           ;
; Total memory bits                  ; 0 / 1,677,312 ( 0 % )                       ;
; Embedded Multiplier 9-bit elements ; 0 / 288 ( 0 % )                             ;
; Total PLLs                         ; 0 / 4 ( 0 % )                               ;
; UFM blocks                         ; 0 / 1 ( 0 % )                               ;
; ADC blocks                         ; 0 / 2 ( 0 % )                               ;
+------------------------------------+---------------------------------------------+


+-----------------------------------------+
; Flow Settings                           ;
+-------------------+---------------------+
; Option            ; Setting             ;
+-------------------+---------------------+
; Start date & time ; 11/21/2018 17:20:35 ;
; Main task         ; Compilation         ;
; Revision Name     ; prj1                ;
+-------------------+---------------------+


+----------------------------------------------------------------------------------------------------------------------+
; Flow Non-Default Global Settings                                                                                     ;
+-------------------------------------+---------------------------------+---------------+-------------+----------------+
; Assignment Name                     ; Value                           ; Default Value ; Entity Name ; Section Id     ;
+-------------------------------------+---------------------------------+---------------+-------------+----------------+
; COMPILER_SIGNATURE_ID               ; 110299157533802.154282803501940 ; --            ; --          ; --             ;
; EDA_OUTPUT_DATA_FORMAT              ; Vhdl                            ; --            ; --          ; eda_simulation ;
; EDA_SIMULATION_TOOL                 ; ModelSim-Altera (VHDL)          ; <None>        ; --          ; --             ;
; MAX_CORE_JUNCTION_TEMP              ; 85                              ; --            ; --          ; --             ;
; MIN_CORE_JUNCTION_TEMP              ; 0                               ; --            ; --          ; --             ;
; MISC_FILE                           ; CLOCK_MINUTOS.bsf               ; --            ; --          ; --             ;
; MISC_FILE                           ; CLOCK_MINUTOS_inst.vhd          ; --            ; --          ; --             ;
; MISC_FILE                           ; CLOCK_MINUTOS.inc               ; --            ; --          ; --             ;
; MISC_FILE                           ; CLOCK_MINUTOS.cmp               ; --            ; --          ; --             ;
; PARTITION_COLOR                     ; 16764057                        ; --            ; --          ; Top            ;
; PARTITION_FITTER_PRESERVATION_LEVEL ; PLACEMENT_AND_ROUTING           ; --            ; --          ; Top            ;
; PARTITION_NETLIST_TYPE              ; SOURCE                          ; --            ; --          ; Top            ;
; PROJECT_OUTPUT_DIRECTORY            ; output_files                    ; --            ; --          ; --             ;
+-------------------------------------+---------------------------------+---------------+-------------+----------------+


+-------------------------------------------------------------------------------------------------------------------------------+
; Flow Elapsed Time                                                                                                             ;
+---------------------------+--------------+-------------------------+---------------------+------------------------------------+
; Module Name               ; Elapsed Time ; Average Processors Used ; Peak Virtual Memory ; Total CPU Time (on all processors) ;
+---------------------------+--------------+-------------------------+---------------------+------------------------------------+
; Analysis & Synthesis      ; 00:00:29     ; 1.0                     ; 720 MB              ; 00:00:40                           ;
; Fitter                    ; 00:00:19     ; 1.5                     ; 1541 MB             ; 00:00:26                           ;
; Assembler                 ; 00:00:05     ; 1.0                     ; 617 MB              ; 00:00:05                           ;
; TimeQuest Timing Analyzer ; 00:00:05     ; 1.0                     ; 768 MB              ; 00:00:05                           ;
; EDA Netlist Writer        ; 00:00:06     ; 1.0                     ; 578 MB              ; 00:00:01                           ;
; Total                     ; 00:01:04     ; --                      ; --                  ; 00:01:17                           ;
+---------------------------+--------------+-------------------------+---------------------+------------------------------------+


+----------------------------------------------------------------------------------------+
; Flow OS Summary                                                                        ;
+---------------------------+------------------+-----------+------------+----------------+
; Module Name               ; Machine Hostname ; OS Name   ; OS Version ; Processor type ;
+---------------------------+------------------+-----------+------------+----------------+
; Analysis & Synthesis      ; FL-ELN-ELD-03    ; Windows 7 ; 6.1        ; x86_64         ;
; Fitter                    ; FL-ELN-ELD-03    ; Windows 7 ; 6.1        ; x86_64         ;
; Assembler                 ; FL-ELN-ELD-03    ; Windows 7 ; 6.1        ; x86_64         ;
; TimeQuest Timing Analyzer ; FL-ELN-ELD-03    ; Windows 7 ; 6.1        ; x86_64         ;
; EDA Netlist Writer        ; FL-ELN-ELD-03    ; Windows 7 ; 6.1        ; x86_64         ;
+---------------------------+------------------+-----------+------------+----------------+


------------
; Flow Log ;
------------
quartus_map --read_settings_files=on --write_settings_files=off prj1 -c prj1
quartus_fit --read_settings_files=off --write_settings_files=off prj1 -c prj1
quartus_asm --read_settings_files=off --write_settings_files=off prj1 -c prj1
quartus_sta prj1 -c prj1
quartus_eda --read_settings_files=off --write_settings_files=off prj1 -c prj1



