Flow report for Caso1
Wed Nov 28 17:25:54 2018
Quartus II 64-Bit Version 15.0.0 Build 145 04/22/2015 SJ Web Edition


---------------------
; Table of Contents ;
---------------------
  1. Legal Notice
  2. Flow Summary
  3. Flow Settings
  4. Flow Non-Default Global Settings
  5. Flow Elapsed Time
  6. Flow OS Summary
  7. Flow Log
  8. Flow Messages
  9. Flow Suppressed Messages



----------------
; Legal Notice ;
----------------
Copyright (C) 1991-2015 Altera Corporation. All rights reserved.
Your use of Altera Corporation's design tools, logic functions 
and other software and tools, and its AMPP partner logic 
functions, and any output files from any of the foregoing 
(including device programming or simulation files), and any 
associated documentation or information are expressly subject 
to the terms and conditions of the Altera Program License 
Subscription Agreement, the Altera Quartus II License Agreement,
the Altera MegaCore Function License Agreement, or other 
applicable license agreement, including, without limitation, 
that your use is for the sole purpose of programming logic 
devices manufactured by Altera and sold by Altera or its 
authorized distributors.  Please refer to the applicable 
agreement for further details.



+---------------------------------------------------------------------------------+
; Flow Summary                                                                    ;
+------------------------------------+--------------------------------------------+
; Flow Status                        ; Successful - Wed Nov 28 17:25:54 2018      ;
; Quartus II 64-Bit Version          ; 15.0.0 Build 145 04/22/2015 SJ Web Edition ;
; Revision Name                      ; Caso1                                      ;
; Top-level Entity Name              ; Caso1                                      ;
; Family                             ; MAX 10                                     ;
; Device                             ; 10M50DAF484C7G                             ;
; Timing Models                      ; Preliminary                                ;
; Total logic elements               ; 53 / 49,760 ( < 1 % )                      ;
;     Total combinational functions  ; 52 / 49,760 ( < 1 % )                      ;
;     Dedicated logic registers      ; 30 / 49,760 ( < 1 % )                      ;
; Total registers                    ; 30                                         ;
; Total pins                         ; 27 / 360 ( 8 % )                           ;
; Total virtual pins                 ; 0                                          ;
; Total memory bits                  ; 0 / 1,677,312 ( 0 % )                      ;
; Embedded Multiplier 9-bit elements ; 0 / 288 ( 0 % )                            ;
; Total PLLs                         ; 0 / 4 ( 0 % )                              ;
; UFM blocks                         ; 0 / 1 ( 0 % )                              ;
; ADC blocks                         ; 0 / 2 ( 0 % )                              ;
+------------------------------------+--------------------------------------------+


+-----------------------------------------+
; Flow Settings                           ;
+-------------------+---------------------+
; Option            ; Setting             ;
+-------------------+---------------------+
; Start date & time ; 11/28/2018 17:23:08 ;
; Main task         ; Compilation         ;
; Revision Name     ; Caso1               ;
+-------------------+---------------------+


+----------------------------------------------------------------------------------------------------------------------+
; Flow Non-Default Global Settings                                                                                     ;
+-------------------------------------+---------------------------------+---------------+-------------+----------------+
; Assignment Name                     ; Value                           ; Default Value ; Entity Name ; Section Id     ;
+-------------------------------------+---------------------------------+---------------+-------------+----------------+
; COMPILER_SIGNATURE_ID               ; 194553095795211.154343298703392 ; --            ; --          ; --             ;
; EDA_OUTPUT_DATA_FORMAT              ; Vhdl                            ; --            ; --          ; eda_simulation ;
; EDA_SIMULATION_TOOL                 ; ModelSim-Altera (VHDL)          ; <None>        ; --          ; --             ;
; MAX_CORE_JUNCTION_TEMP              ; 85                              ; --            ; --          ; --             ;
; MIN_CORE_JUNCTION_TEMP              ; 0                               ; --            ; --          ; --             ;
; PARTITION_COLOR                     ; 16764057                        ; --            ; --          ; Top            ;
; PARTITION_FITTER_PRESERVATION_LEVEL ; PLACEMENT_AND_ROUTING           ; --            ; --          ; Top            ;
; PARTITION_NETLIST_TYPE              ; SOURCE                          ; --            ; --          ; Top            ;
; PROJECT_OUTPUT_DIRECTORY            ; output_files                    ; --            ; --          ; --             ;
+-------------------------------------+---------------------------------+---------------+-------------+----------------+


+-------------------------------------------------------------------------------------------------------------------------------+
; Flow Elapsed Time                                                                                                             ;
+---------------------------+--------------+-------------------------+---------------------+------------------------------------+
; Module Name               ; Elapsed Time ; Average Processors Used ; Peak Virtual Memory ; Total CPU Time (on all processors) ;
+---------------------------+--------------+-------------------------+---------------------+------------------------------------+
; Analysis & Synthesis      ; 00:00:48     ; 1.0                     ; 4881 MB             ; 00:01:50                           ;
; Fitter                    ; 00:00:46     ; 1.8                     ; 5778 MB             ; 00:00:58                           ;
; Assembler                 ; 00:00:14     ; 1.0                     ; 4780 MB             ; 00:00:12                           ;
; TimeQuest Timing Analyzer ; 00:00:15     ; 1.3                     ; 4944 MB             ; 00:00:12                           ;
; EDA Netlist Writer        ; 00:00:03     ; 1.0                     ; 4739 MB             ; 00:00:03                           ;
; Total                     ; 00:02:06     ; --                      ; --                  ; 00:03:15                           ;
+---------------------------+--------------+-------------------------+---------------------+------------------------------------+


+----------------------------------------------------------------------------------------+
; Flow OS Summary                                                                        ;
+---------------------------+------------------+-----------+------------+----------------+
; Module Name               ; Machine Hostname ; OS Name   ; OS Version ; Processor type ;
+---------------------------+------------------+-----------+------------+----------------+
; Analysis & Synthesis      ; RAFA-TABLET      ; Windows 7 ; 6.2        ; x86_64         ;
; Fitter                    ; RAFA-TABLET      ; Windows 7 ; 6.2        ; x86_64         ;
; Assembler                 ; RAFA-TABLET      ; Windows 7 ; 6.2        ; x86_64         ;
; TimeQuest Timing Analyzer ; RAFA-TABLET      ; Windows 7 ; 6.2        ; x86_64         ;
; EDA Netlist Writer        ; RAFA-TABLET      ; Windows 7 ; 6.2        ; x86_64         ;
+---------------------------+------------------+-----------+------------+----------------+


------------
; Flow Log ;
------------
quartus_map --read_settings_files=on --write_settings_files=off Caso1 -c Caso1
quartus_fit --read_settings_files=off --write_settings_files=off Caso1 -c Caso1
quartus_asm --read_settings_files=off --write_settings_files=off Caso1 -c Caso1
quartus_sta Caso1 -c Caso1
quartus_eda --read_settings_files=off --write_settings_files=off Caso1 -c Caso1



